# JRE version: Java(TM) SE Runtime Environment (8.0_261-b12) (build 1.8.0_261-b12)
# Java VM: Java HotSpot(TM) 64-Bit Server VM (25.261-b12 mixed mode windows-amd64 compressed oops)
Heap:
 def new generation   total 4352K, used 2505K [0x00000000e6400000, 0x00000000e68b0000, 0x00000000eed50000)
  eden space 3904K,  64% used [0x00000000e6400000, 0x00000000e6672760, 0x00000000e67d0000)
  from space 448K,   0% used [0x00000000e67d0000, 0x00000000e67d0000, 0x00000000e6840000)
  to   space 448K,   0% used [0x00000000e6840000, 0x00000000e6840000, 0x00000000e68b0000)
 tenured generation   total 9552K, used 5729K [0x00000000eed50000, 0x00000000ef6a4000, 0x0000000100000000)
   the space 9552K,  59% used [0x00000000eed50000, 0x00000000ef2e85c0, 0x00000000ef2e8600, 0x00000000ef6a4000)
 Metaspace       used 7369K, capacity 8244K, committed 8448K, reserved 1056768K
  class space    used 892K, capacity 944K, committed 1024K, reserved 1048576K
GC Heap History (10 events):
Event: 3.648 GC heap before
{Heap before GC invocations=4 (full 0):
 def new generation   total 2432K, used 2403K [0x00000000e6400000, 0x00000000e66a0000, 0x00000000eed50000)
  eden space 2176K, 100% used [0x00000000e6400000, 0x00000000e6620000, 0x00000000e6620000)
  from space 256K,  88% used [0x00000000e6620000, 0x00000000e6658c28, 0x00000000e6660000)
  to   space 256K,   0% used [0x00000000e6660000, 0x00000000e6660000, 0x00000000e66a0000)
 tenured generation   total 5504K, used 897K [0x00000000eed50000, 0x00000000ef2b0000, 0x0000000100000000)
   the space 5504K,  16% used [0x00000000eed50000, 0x00000000eee30598, 0x00000000eee30600, 0x00000000ef2b0000)
 Metaspace       used 6981K, capacity 7988K, committed 8064K, reserved 1056768K
  class space    used 859K, capacity 880K, committed 896K, reserved 1048576K
Event: 3.656 GC heap after
Heap after GC invocations=5 (full 0):
 def new generation   total 2432K, used 256K [0x00000000e6400000, 0x00000000e66a0000, 0x00000000eed50000)
  eden space 2176K,   0% used [0x00000000e6400000, 0x00000000e6400000, 0x00000000e6620000)
  from space 256K, 100% used [0x00000000e6660000, 0x00000000e66a0000, 0x00000000e66a0000)
  to   space 256K,   0% used [0x00000000e6620000, 0x00000000e6620000, 0x00000000e6660000)
 tenured generation   total 5504K, used 1135K [0x00000000eed50000, 0x00000000ef2b0000, 0x0000000100000000)
   the space 5504K,  20% used [0x00000000eed50000, 0x00000000eee6bf00, 0x00000000eee6c000, 0x00000000ef2b0000)
 Metaspace       used 6981K, capacity 7988K, committed 8064K, reserved 1056768K
  class space    used 859K, capacity 880K, committed 896K, reserved 1048576K
}
Event: 4.165 GC heap before
{Heap before GC invocations=5 (full 0):
 def new generation   total 2432K, used 1232K [0x00000000e6400000, 0x00000000e66a0000, 0x00000000eed50000)
  eden space 2176K,  44% used [0x00000000e6400000, 0x00000000e64f42c0, 0x00000000e6620000)
  from space 256K, 100% used [0x00000000e6660000, 0x00000000e66a0000, 0x00000000e66a0000)
  to   space 256K,   0% used [0x00000000e6620000, 0x00000000e6620000, 0x00000000e6660000)
 tenured generation   total 5504K, used 1135K [0x00000000eed50000, 0x00000000ef2b0000, 0x0000000100000000)
   the space 5504K,  20% used [0x00000000eed50000, 0x00000000eee6bf00, 0x00000000eee6c000, 0x00000000ef2b0000)
 Metaspace       used 7153K, capacity 8052K, committed 8320K, reserved 1056768K
  class space    used 873K, capacity 880K, committed 896K, reserved 1048576K
Event: 4.171 GC heap after
Heap after GC invocations=6 (full 0):
 def new generation   total 2432K, used 256K [0x00000000e6400000, 0x00000000e66a0000, 0x00000000eed50000)
  eden space 2176K,   0% used [0x00000000e6400000, 0x00000000e6400000, 0x00000000e6620000)
  from space 256K, 100% used [0x00000000e6620000, 0x00000000e6660000, 0x00000000e6660000)
  to   space 256K,   0% used [0x00000000e6660000, 0x00000000e6660000, 0x00000000e66a0000)
 tenured generation   total 5504K, used 1602K [0x00000000eed50000, 0x00000000ef2b0000, 0x0000000100000000)
   the space 5504K,  29% used [0x00000000eed50000, 0x00000000eeee0b40, 0x00000000eeee0c00, 0x00000000ef2b0000)
 Metaspace       used 7153K, capacity 8052K, committed 8320K, reserved 1056768K
  class space    used 873K, capacity 880K, committed 896K, reserved 1048576K
}
Event: 4.223 GC heap before
{Heap before GC invocations=6 (full 0):
 def new generation   total 2432K, used 2432K [0x00000000e6400000, 0x00000000e66a0000, 0x00000000eed50000)
  eden space 2176K, 100% used [0x00000000e6400000, 0x00000000e6620000, 0x00000000e6620000)
  from space 256K, 100% used [0x00000000e6620000, 0x00000000e6660000, 0x00000000e6660000)
  to   space 256K,   0% used [0x00000000e6660000, 0x00000000e6660000, 0x00000000e66a0000)
 tenured generation   total 5504K, used 1602K [0x00000000eed50000, 0x00000000ef2b0000, 0x0000000100000000)
   the space 5504K,  29% used [0x00000000eed50000, 0x00000000eeee0b40, 0x00000000eeee0c00, 0x00000000ef2b0000)
 Metaspace       used 7157K, capacity 8052K, committed 8320K, reserved 1056768K
  class space    used 873K, capacity 880K, committed 896K, reserved 1048576K
Event: 4.232 GC heap after
Heap after GC invocations=7 (full 0):
 def new generation   total 2432K, used 256K [0x00000000e6400000, 0x00000000e66a0000, 0x00000000eed50000)
  eden space 2176K,   0% used [0x00000000e6400000, 0x00000000e6400000, 0x00000000e6620000)
  from space 256K, 100% used [0x00000000e6660000, 0x00000000e66a0000, 0x00000000e66a0000)
  to   space 256K,   0% used [0x00000000e6620000, 0x00000000e6620000, 0x00000000e6660000)
 tenured generation   total 5504K, used 3622K [0x00000000eed50000, 0x00000000ef2b0000, 0x0000000100000000)
   the space 5504K,  65% used [0x00000000eed50000, 0x00000000ef0d9a48, 0x00000000ef0d9c00, 0x00000000ef2b0000)
 Metaspace       used 7157K, capacity 8052K, committed 8320K, reserved 1056768K
  class space    used 873K, capacity 880K, committed 896K, reserved 1048576K
}
Event: 4.366 GC heap before
{Heap before GC invocations=7 (full 0):
 def new generation   total 2432K, used 2415K [0x00000000e6400000, 0x00000000e66a0000, 0x00000000eed50000)
  eden space 2176K,  99% used [0x00000000e6400000, 0x00000000e661bcf8, 0x00000000e6620000)
  from space 256K, 100% used [0x00000000e6660000, 0x00000000e66a0000, 0x00000000e66a0000)
  to   space 256K,   0% used [0x00000000e6620000, 0x00000000e6620000, 0x00000000e6660000)
 tenured generation   total 5504K, used 3622K [0x00000000eed50000, 0x00000000ef2b0000, 0x0000000100000000)
   the space 5504K,  65% used [0x00000000eed50000, 0x00000000ef0d9a48, 0x00000000ef0d9c00, 0x00000000ef2b0000)
 Metaspace       used 7175K, capacity 8052K, committed 8320K, reserved 1056768K
  class space    used 874K, capacity 880K, committed 896K, reserved 1048576K
Event: 4.385 GC heap after
Heap after GC invocations=8 (full 0):
 def new generation   total 2432K, used 255K [0x00000000e6400000, 0x00000000e66a0000, 0x00000000eed50000)
  eden space 2176K,   0% used [0x00000000e6400000, 0x00000000e6400000, 0x00000000e6620000)
  from space 256K,  99% used [0x00000000e6620000, 0x00000000e665fff8, 0x00000000e6660000)
  to   space 256K,   0% used [0x00000000e6660000, 0x00000000e6660000, 0x00000000e66a0000)
 tenured generation   total 5504K, used 5357K [0x00000000eed50000, 0x00000000ef2b0000, 0x0000000100000000)
   the space 5504K,  97% used [0x00000000eed50000, 0x00000000ef28b4f8, 0x00000000ef28b600, 0x00000000ef2b0000)
 Metaspace       used 7175K, capacity 8052K, committed 8320K, reserved 1056768K
  class space    used 874K, capacity 880K, committed 896K, reserved 1048576K
}
Event: 4.477 GC heap before
{Heap before GC invocations=8 (full 0):
 def new generation   total 2432K, used 2431K [0x00000000e6400000, 0x00000000e66a0000, 0x00000000eed50000)
  eden space 2176K, 100% used [0x00000000e6400000, 0x00000000e6620000, 0x00000000e6620000)
  from space 256K,  99% used [0x00000000e6620000, 0x00000000e665fff8, 0x00000000e6660000)
  to   space 256K,   0% used [0x00000000e6660000, 0x00000000e6660000, 0x00000000e66a0000)
 tenured generation   total 5504K, used 5357K [0x00000000eed50000, 0x00000000ef2b0000, 0x0000000100000000)
   the space 5504K,  97% used [0x00000000eed50000, 0x00000000ef28b4f8, 0x00000000ef28b600, 0x00000000ef2b0000)
 Metaspace       used 7175K, capacity 8052K, committed 8320K, reserved 1056768K
  class space    used 874K, capacity 880K, committed 896K, reserved 1048576K
Event: 4.540 GC heap after
Heap after GC invocations=9 (full 1):
 def new generation   total 4352K, used 0K [0x00000000e6400000, 0x00000000e68b0000, 0x00000000eed50000)
  eden space 3904K,   0% used [0x00000000e6400000, 0x00000000e6400000, 0x00000000e67d0000)
  from space 448K,   0% used [0x00000000e67d0000, 0x00000000e67d0000, 0x00000000e6840000)
  to   space 448K,   0% used [0x00000000e6840000, 0x00000000e6840000, 0x00000000e68b0000)
 tenured generation   total 9552K, used 5729K [0x00000000eed50000, 0x00000000ef6a4000, 0x0000000100000000)
   the space 9552K,  59% used [0x00000000eed50000, 0x00000000ef2e85c0, 0x00000000ef2e8600, 0x00000000ef6a4000)
 Metaspace       used 7175K, capacity 8052K, committed 8320K, reserved 1056768K
  class space    used 874K, capacity 880K, committed 896K, reserved 1048576K
}

