# JRE version: Java(TM) SE Runtime Environment (8.0_261-b12) (build 1.8.0_261-b12)
# Java VM: Java HotSpot(TM) 64-Bit Server VM (25.261-b12 mixed mode windows-amd64 compressed oops)
Heap:
 def new generation   total 2432K, used 714K [0x00000000e6400000, 0x00000000e66a0000, 0x00000000eed50000)
  eden space 2176K,  22% used [0x00000000e6400000, 0x00000000e647c3e0, 0x00000000e6620000)
  from space 256K,  84% used [0x00000000e6620000, 0x00000000e66564f8, 0x00000000e6660000)
  to   space 256K,   0% used [0x00000000e6660000, 0x00000000e6660000, 0x00000000e66a0000)
 tenured generation   total 5504K, used 701K [0x00000000eed50000, 0x00000000ef2b0000, 0x0000000100000000)
   the space 5504K,  12% used [0x00000000eed50000, 0x00000000eedff5c8, 0x00000000eedff600, 0x00000000ef2b0000)
 Metaspace       used 4521K, capacity 5900K, committed 6016K, reserved 1056768K
  class space    used 546K, capacity 584K, committed 640K, reserved 1048576K
GC Heap History (4 events):
Event: 2.105 GC heap before
{Heap before GC invocations=0 (full 0):
 def new generation   total 2432K, used 2176K [0x00000000e6400000, 0x00000000e66a0000, 0x00000000eed50000)
  eden space 2176K, 100% used [0x00000000e6400000, 0x00000000e6620000, 0x00000000e6620000)
  from space 256K,   0% used [0x00000000e6620000, 0x00000000e6620000, 0x00000000e6660000)
  to   space 256K,   0% used [0x00000000e6660000, 0x00000000e6660000, 0x00000000e66a0000)
 tenured generation   total 5504K, used 0K [0x00000000eed50000, 0x00000000ef2b0000, 0x0000000100000000)
   the space 5504K,   0% used [0x00000000eed50000, 0x00000000eed50000, 0x00000000eed50200, 0x00000000ef2b0000)
 Metaspace       used 3566K, capacity 5100K, committed 5376K, reserved 1056768K
  class space    used 414K, capacity 488K, committed 512K, reserved 1048576K
Event: 2.112 GC heap after
Heap after GC invocations=1 (full 0):
 def new generation   total 2432K, used 256K [0x00000000e6400000, 0x00000000e66a0000, 0x00000000eed50000)
  eden space 2176K,   0% used [0x00000000e6400000, 0x00000000e6400000, 0x00000000e6620000)
  from space 256K, 100% used [0x00000000e6660000, 0x00000000e66a0000, 0x00000000e66a0000)
  to   space 256K,   0% used [0x00000000e6620000, 0x00000000e6620000, 0x00000000e6660000)
 tenured generation   total 5504K, used 194K [0x00000000eed50000, 0x00000000ef2b0000, 0x0000000100000000)
   the space 5504K,   3% used [0x00000000eed50000, 0x00000000eed809b8, 0x00000000eed80a00, 0x00000000ef2b0000)
 Metaspace       used 3566K, capacity 5100K, committed 5376K, reserved 1056768K
  class space    used 414K, capacity 488K, committed 512K, reserved 1048576K
}
Event: 2.507 GC heap before
{Heap before GC invocations=1 (full 0):
 def new generation   total 2432K, used 2432K [0x00000000e6400000, 0x00000000e66a0000, 0x00000000eed50000)
  eden space 2176K, 100% used [0x00000000e6400000, 0x00000000e6620000, 0x00000000e6620000)
  from space 256K, 100% used [0x00000000e6660000, 0x00000000e66a0000, 0x00000000e66a0000)
  to   space 256K,   0% used [0x00000000e6620000, 0x00000000e6620000, 0x00000000e6660000)
 tenured generation   total 5504K, used 194K [0x00000000eed50000, 0x00000000ef2b0000, 0x0000000100000000)
   the space 5504K,   3% used [0x00000000eed50000, 0x00000000eed809b8, 0x00000000eed80a00, 0x00000000ef2b0000)
 Metaspace       used 4334K, capacity 5772K, committed 6016K, reserved 1056768K
  class space    used 532K, capacity 584K, committed 640K, reserved 1048576K
Event: 2.516 GC heap after
Heap after GC invocations=2 (full 0):
 def new generation   total 2432K, used 217K [0x00000000e6400000, 0x00000000e66a0000, 0x00000000eed50000)
  eden space 2176K,   0% used [0x00000000e6400000, 0x00000000e6400000, 0x00000000e6620000)
  from space 256K,  84% used [0x00000000e6620000, 0x00000000e66564f8, 0x00000000e6660000)
  to   space 256K,   0% used [0x00000000e6660000, 0x00000000e6660000, 0x00000000e66a0000)
 tenured generation   total 5504K, used 701K [0x00000000eed50000, 0x00000000ef2b0000, 0x0000000100000000)
   the space 5504K,  12% used [0x00000000eed50000, 0x00000000eedff5c8, 0x00000000eedff600, 0x00000000ef2b0000)
 Metaspace       used 4334K, capacity 5772K, committed 6016K, reserved 1056768K
  class space    used 532K, capacity 584K, committed 640K, reserved 1048576K
}

