# JRE version: Java(TM) SE Runtime Environment (8.0_261-b12) (build 1.8.0_261-b12)
# Java VM: Java HotSpot(TM) 64-Bit Server VM (25.261-b12 mixed mode windows-amd64 compressed oops)
Heap:
 def new generation   total 2432K, used 1231K [0x00000000e6400000, 0x00000000e66a0000, 0x00000000eed50000)
  eden space 2176K,  44% used [0x00000000e6400000, 0x00000000e64f3d28, 0x00000000e6620000)
  from space 256K, 100% used [0x00000000e6660000, 0x00000000e66a0000, 0x00000000e66a0000)
  to   space 256K,   2% used [0x00000000e6620000, 0x00000000e66214e8, 0x00000000e6660000)
 tenured generation   total 5504K, used 1298K [0x00000000eed50000, 0x00000000ef2b0000, 0x0000000100000000)
   the space 5504K,  23% used [0x00000000eed50000, 0x00000000eee94a60, 0x00000000eee94c00, 0x00000000ef2b0000)
 Metaspace       used 7150K, capacity 8052K, committed 8320K, reserved 1056768K
  class space    used 873K, capacity 880K, committed 896K, reserved 1048576K
GC Heap History (10 events):
Event: 1.720 GC heap before
{Heap before GC invocations=0 (full 0):
 def new generation   total 2432K, used 2176K [0x00000000e6400000, 0x00000000e66a0000, 0x00000000eed50000)
  eden space 2176K, 100% used [0x00000000e6400000, 0x00000000e6620000, 0x00000000e6620000)
  from space 256K,   0% used [0x00000000e6620000, 0x00000000e6620000, 0x00000000e6660000)
  to   space 256K,   0% used [0x00000000e6660000, 0x00000000e6660000, 0x00000000e66a0000)
 tenured generation   total 5504K, used 0K [0x00000000eed50000, 0x00000000ef2b0000, 0x0000000100000000)
   the space 5504K,   0% used [0x00000000eed50000, 0x00000000eed50000, 0x00000000eed50200, 0x00000000ef2b0000)
 Metaspace       used 3569K, capacity 5100K, committed 5376K, reserved 1056768K
  class space    used 414K, capacity 488K, committed 512K, reserved 1048576K
Event: 1.734 GC heap after
Heap after GC invocations=1 (full 0):
 def new generation   total 2432K, used 256K [0x00000000e6400000, 0x00000000e66a0000, 0x00000000eed50000)
  eden space 2176K,   0% used [0x00000000e6400000, 0x00000000e6400000, 0x00000000e6620000)
  from space 256K, 100% used [0x00000000e6660000, 0x00000000e66a0000, 0x00000000e66a0000)
  to   space 256K,   0% used [0x00000000e6620000, 0x00000000e6620000, 0x00000000e6660000)
 tenured generation   total 5504K, used 194K [0x00000000eed50000, 0x00000000ef2b0000, 0x0000000100000000)
   the space 5504K,   3% used [0x00000000eed50000, 0x00000000eed809b8, 0x00000000eed80a00, 0x00000000ef2b0000)
 Metaspace       used 3569K, capacity 5100K, committed 5376K, reserved 1056768K
  class space    used 414K, capacity 488K, committed 512K, reserved 1048576K
}
Event: 2.257 GC heap before
{Heap before GC invocations=1 (full 0):
 def new generation   total 2432K, used 2432K [0x00000000e6400000, 0x00000000e66a0000, 0x00000000eed50000)
  eden space 2176K, 100% used [0x00000000e6400000, 0x00000000e6620000, 0x00000000e6620000)
  from space 256K, 100% used [0x00000000e6660000, 0x00000000e66a0000, 0x00000000e66a0000)
  to   space 256K,   0% used [0x00000000e6620000, 0x00000000e6620000, 0x00000000e6660000)
 tenured generation   total 5504K, used 194K [0x00000000eed50000, 0x00000000ef2b0000, 0x0000000100000000)
   the space 5504K,   3% used [0x00000000eed50000, 0x00000000eed809b8, 0x00000000eed80a00, 0x00000000ef2b0000)
 Metaspace       used 4334K, capacity 5772K, committed 6016K, reserved 1056768K
  class space    used 531K, capacity 584K, committed 640K, reserved 1048576K
Event: 2.267 GC heap after
Heap after GC invocations=2 (full 0):
 def new generation   total 2432K, used 220K [0x00000000e6400000, 0x00000000e66a0000, 0x00000000eed50000)
  eden space 2176K,   0% used [0x00000000e6400000, 0x00000000e6400000, 0x00000000e6620000)
  from space 256K,  86% used [0x00000000e6620000, 0x00000000e66571f0, 0x00000000e6660000)
  to   space 256K,   0% used [0x00000000e6660000, 0x00000000e6660000, 0x00000000e66a0000)
 tenured generation   total 5504K, used 701K [0x00000000eed50000, 0x00000000ef2b0000, 0x0000000100000000)
   the space 5504K,  12% used [0x00000000eed50000, 0x00000000eedff5c8, 0x00000000eedff600, 0x00000000ef2b0000)
 Metaspace       used 4334K, capacity 5772K, committed 6016K, reserved 1056768K
  class space    used 531K, capacity 584K, committed 640K, reserved 1048576K
}
Event: 2.558 GC heap before
{Heap before GC invocations=2 (full 0):
 def new generation   total 2432K, used 2396K [0x00000000e6400000, 0x00000000e66a0000, 0x00000000eed50000)
  eden space 2176K, 100% used [0x00000000e6400000, 0x00000000e6620000, 0x00000000e6620000)
  from space 256K,  86% used [0x00000000e6620000, 0x00000000e66571f0, 0x00000000e6660000)
  to   space 256K,   0% used [0x00000000e6660000, 0x00000000e6660000, 0x00000000e66a0000)
 tenured generation   total 5504K, used 701K [0x00000000eed50000, 0x00000000ef2b0000, 0x0000000100000000)
   the space 5504K,  12% used [0x00000000eed50000, 0x00000000eedff5c8, 0x00000000eedff600, 0x00000000ef2b0000)
 Metaspace       used 5061K, capacity 6444K, committed 6656K, reserved 1056768K
  class space    used 634K, capacity 680K, committed 768K, reserved 1048576K
Event: 2.563 GC heap after
Heap after GC invocations=3 (full 0):
 def new generation   total 2432K, used 83K [0x00000000e6400000, 0x00000000e66a0000, 0x00000000eed50000)
  eden space 2176K,   0% used [0x00000000e6400000, 0x00000000e6400000, 0x00000000e6620000)
  from space 256K,  32% used [0x00000000e6660000, 0x00000000e6674c38, 0x00000000e66a0000)
  to   space 256K,   0% used [0x00000000e6620000, 0x00000000e6620000, 0x00000000e6660000)
 tenured generation   total 5504K, used 897K [0x00000000eed50000, 0x00000000ef2b0000, 0x0000000100000000)
   the space 5504K,  16% used [0x00000000eed50000, 0x00000000eee30518, 0x00000000eee30600, 0x00000000ef2b0000)
 Metaspace       used 5061K, capacity 6444K, committed 6656K, reserved 1056768K
  class space    used 634K, capacity 680K, committed 768K, reserved 1048576K
}
Event: 2.882 GC heap before
{Heap before GC invocations=3 (full 0):
 def new generation   total 2432K, used 2137K [0x00000000e6400000, 0x00000000e66a0000, 0x00000000eed50000)
  eden space 2176K,  94% used [0x00000000e6400000, 0x00000000e66019b8, 0x00000000e6620000)
  from space 256K,  32% used [0x00000000e6660000, 0x00000000e6674c38, 0x00000000e66a0000)
  to   space 256K,   0% used [0x00000000e6620000, 0x00000000e6620000, 0x00000000e6660000)
 tenured generation   total 5504K, used 897K [0x00000000eed50000, 0x00000000ef2b0000, 0x0000000100000000)
   the space 5504K,  16% used [0x00000000eed50000, 0x00000000eee30518, 0x00000000eee30600, 0x00000000ef2b0000)
 Metaspace       used 5845K, capacity 7116K, committed 7296K, reserved 1056768K
  class space    used 732K, capacity 776K, committed 896K, reserved 1048576K
Event: 2.886 GC heap after
Heap after GC invocations=4 (full 0):
 def new generation   total 2432K, used 227K [0x00000000e6400000, 0x00000000e66a0000, 0x00000000eed50000)
  eden space 2176K,   0% used [0x00000000e6400000, 0x00000000e6400000, 0x00000000e6620000)
  from space 256K,  88% used [0x00000000e6620000, 0x00000000e6658c78, 0x00000000e6660000)
  to   space 256K,   0% used [0x00000000e6660000, 0x00000000e6660000, 0x00000000e66a0000)
 tenured generation   total 5504K, used 897K [0x00000000eed50000, 0x00000000ef2b0000, 0x0000000100000000)
   the space 5504K,  16% used [0x00000000eed50000, 0x00000000eee30518, 0x00000000eee30600, 0x00000000ef2b0000)
 Metaspace       used 5845K, capacity 7116K, committed 7296K, reserved 1056768K
  class space    used 732K, capacity 776K, committed 896K, reserved 1048576K
}
Event: 3.263 GC heap before
{Heap before GC invocations=4 (full 0):
 def new generation   total 2432K, used 2403K [0x00000000e6400000, 0x00000000e66a0000, 0x00000000eed50000)
  eden space 2176K, 100% used [0x00000000e6400000, 0x00000000e6620000, 0x00000000e6620000)
  from space 256K,  88% used [0x00000000e6620000, 0x00000000e6658c78, 0x00000000e6660000)
  to   space 256K,   0% used [0x00000000e6660000, 0x00000000e6660000, 0x00000000e66a0000)
 tenured generation   total 5504K, used 897K [0x00000000eed50000, 0x00000000ef2b0000, 0x0000000100000000)
   the space 5504K,  16% used [0x00000000eed50000, 0x00000000eee30518, 0x00000000eee30600, 0x00000000ef2b0000)
 Metaspace       used 6980K, capacity 7988K, committed 8064K, reserved 1056768K
  class space    used 859K, capacity 880K, committed 896K, reserved 1048576K
Event: 3.271 GC heap after
Heap after GC invocations=5 (full 0):
 def new generation   total 2432K, used 256K [0x00000000e6400000, 0x00000000e66a0000, 0x00000000eed50000)
  eden space 2176K,   0% used [0x00000000e6400000, 0x00000000e6400000, 0x00000000e6620000)
  from space 256K, 100% used [0x00000000e6660000, 0x00000000e66a0000, 0x00000000e66a0000)
  to   space 256K,   0% used [0x00000000e6620000, 0x00000000e6620000, 0x00000000e6660000)
 tenured generation   total 5504K, used 1134K [0x00000000eed50000, 0x00000000ef2b0000, 0x0000000100000000)
   the space 5504K,  20% used [0x00000000eed50000, 0x00000000eee6bbf0, 0x00000000eee6bc00, 0x00000000ef2b0000)
 Metaspace       used 6980K, capacity 7988K, committed 8064K, reserved 1056768K
  class space    used 859K, capacity 880K, committed 896K, reserved 1048576K
}

